<?xml version="1.0" encoding="UTF-8"?>
<!-- Generated by org.testng.reporters.JUnitXMLReporter -->
<testsuite ignored="8" hostname="AMALP4WR6D332" failures="1" tests="1" name="Surefire test" time="33.133" errors="0" timestamp="2025-07-17T22:05:24 EDT">
  <testcase classname="com.testframework.tests.GoogleSearchTest" name="testGoogleHomepageLoads" time="30.882">
    <failure type="java.lang.AssertionError" message="Google logo should be displayed">
      <![CDATA[java.lang.AssertionError: Google logo should be displayed
at com.testframework.core.BaseTest.assertTrue(BaseTest.java:182)
at com.testframework.tests.GoogleSearchTest.testGoogleHomepageLoads(GoogleSearchTest.java:39)
at java.base/java.util.ArrayList.forEach(ArrayList.java:1604)
... Removed 30 stack frames]]>
    </failure>
  </testcase> <!-- testGoogleHomepageLoads -->
  <testcase classname="com.testframework.tests.GoogleSearchTest" name="testSearchSuggestions" time="0.0">
    <ignored/>
  </testcase> <!-- testSearchSuggestions -->
  <testcase classname="com.testframework.tests.GoogleSearchTest" name="testSearchBoxFunctionality" time="0.0">
    <ignored/>
  </testcase> <!-- testSearchBoxFunctionality -->
  <testcase classname="com.testframework.tests.GoogleSearchTest" name="testPageElementsAndInteractions" time="0.0">
    <ignored/>
  </testcase> <!-- testPageElementsAndInteractions -->
  <testcase classname="com.testframework.tests.GoogleSearchTest" name="testBasicSearch" time="0.0">
    <ignored/>
  </testcase> <!-- testBasicSearch -->
  <testcase classname="com.testframework.tests.GoogleSearchTest" name="testPageResponsiveness" time="0.0">
    <ignored/>
  </testcase> <!-- testPageResponsiveness -->
  <testcase classname="com.testframework.tests.GoogleSearchTest" name="testSearchWithSpecialCharacters" time="0.0">
    <ignored/>
  </testcase> <!-- testSearchWithSpecialCharacters -->
  <testcase classname="com.testframework.tests.GoogleSearchTest" name="testSearchWithEmptyTerm" time="0.0">
    <ignored/>
  </testcase> <!-- testSearchWithEmptyTerm -->
  <testcase classname="com.testframework.tests.GoogleSearchTest" name="testSearchWithDifferentTerms" time="0.0">
    <ignored/>
  </testcase> <!-- testSearchWithDifferentTerms -->
</testsuite> <!-- Surefire test -->
